  [4;36;1mSQL (0.3ms)[0m   [0;1m SELECT name
 FROM sqlite_master
 WHERE type = 'table' AND NOT name = 'sqlite_sequence'
[0m
  [4;35;1mSQL (0.1ms)[0m   [0mselect sqlite_version(*)[0m
  [4;36;1mSQL (83.8ms)[0m   [0;1mCREATE TABLE "schema_migrations" ("version" varchar(255) NOT NULL) [0m
  [4;35;1mSQL (0.0ms)[0m   [0mPRAGMA index_list("schema_migrations")[0m
  [4;36;1mSQL (48.1ms)[0m   [0;1mCREATE UNIQUE INDEX "unique_schema_migrations" ON "schema_migrations" ("version")[0m
  [4;35;1mSQL (0.1ms)[0m   [0m SELECT name
 FROM sqlite_master
 WHERE type = 'table' AND NOT name = 'sqlite_sequence'
[0m
  [4;36;1mSQL (0.1ms)[0m   [0;1mSELECT version FROM schema_migrations[0m
Migrating to CreateAssets (20110228113645)
  [4;35;1mSQL (0.3ms)[0m   [0mCREATE TABLE "assets" ("id" INTEGER PRIMARY KEY AUTOINCREMENT NOT NULL, "title" varchar(255), "model" text, "make" text, "location" text, "name" text, "created_at" datetime, "updated_at" datetime) [0m
  [4;36;1mSQL (0.1ms)[0m   [0;1mINSERT INTO schema_migrations (version) VALUES ('20110228113645')[0m
  [4;35;1mSQL (0.1ms)[0m   [0m SELECT name
 FROM sqlite_master
 WHERE type = 'table' AND NOT name = 'sqlite_sequence'
[0m
  [4;36;1mSQL (0.1ms)[0m   [0;1mSELECT version FROM schema_migrations[0m
  [4;35;1mSQL (0.1ms)[0m   [0m SELECT name
 FROM sqlite_master
 WHERE type = 'table' AND NOT name = 'sqlite_sequence'
[0m
  [4;36;1mSQL (0.0ms)[0m   [0;1mPRAGMA index_list("assets")[0m


Processing ActionController::Base#index (for 127.0.0.1 at 2011-02-28 12:06:09) [GET]

NameError (uninitialized constant ApplicationController::Authentication):
  app/controllers/application_controller.rb:5
  app/controllers/assets_controller.rb:1
  /usr/lib/ruby/1.8/webrick/httpserver.rb:104:in `service'
  /usr/lib/ruby/1.8/webrick/httpserver.rb:65:in `run'
  /usr/lib/ruby/1.8/webrick/server.rb:173:in `start_thread'
  /usr/lib/ruby/1.8/webrick/server.rb:162:in `start'
  /usr/lib/ruby/1.8/webrick/server.rb:162:in `start_thread'
  /usr/lib/ruby/1.8/webrick/server.rb:95:in `start'
  /usr/lib/ruby/1.8/webrick/server.rb:92:in `each'
  /usr/lib/ruby/1.8/webrick/server.rb:92:in `start'
  /usr/lib/ruby/1.8/webrick/server.rb:23:in `start'
  /usr/lib/ruby/1.8/webrick/server.rb:82:in `start'

Rendered rescues/_trace (28.3ms)
Rendered rescues/_request_and_response (1.1ms)
Rendering rescues/layout (internal_server_error)


Processing ActionController::Base#index (for 127.0.0.1 at 2011-02-28 12:08:55) [GET]

NameError (uninitialized constant ApplicationController::Authentication):
  app/controllers/application_controller.rb:5
  app/controllers/assets_controller.rb:1
  /usr/lib/ruby/1.8/webrick/httpserver.rb:104:in `service'
  /usr/lib/ruby/1.8/webrick/httpserver.rb:65:in `run'
  /usr/lib/ruby/1.8/webrick/server.rb:173:in `start_thread'
  /usr/lib/ruby/1.8/webrick/server.rb:162:in `start'
  /usr/lib/ruby/1.8/webrick/server.rb:162:in `start_thread'
  /usr/lib/ruby/1.8/webrick/server.rb:95:in `start'
  /usr/lib/ruby/1.8/webrick/server.rb:92:in `each'
  /usr/lib/ruby/1.8/webrick/server.rb:92:in `start'
  /usr/lib/ruby/1.8/webrick/server.rb:23:in `start'
  /usr/lib/ruby/1.8/webrick/server.rb:82:in `start'

Rendered rescues/_trace (27.5ms)
Rendered rescues/_request_and_response (0.2ms)
Rendering rescues/layout (internal_server_error)


Processing ActionController::Base#new (for 127.0.0.1 at 2011-02-28 12:11:51) [GET]

NameError (uninitialized constant SessionsController):
  /usr/lib/ruby/1.8/webrick/httpserver.rb:104:in `service'
  /usr/lib/ruby/1.8/webrick/httpserver.rb:65:in `run'
  /usr/lib/ruby/1.8/webrick/server.rb:173:in `start_thread'
  /usr/lib/ruby/1.8/webrick/server.rb:162:in `start'
  /usr/lib/ruby/1.8/webrick/server.rb:162:in `start_thread'
  /usr/lib/ruby/1.8/webrick/server.rb:95:in `start'
  /usr/lib/ruby/1.8/webrick/server.rb:92:in `each'
  /usr/lib/ruby/1.8/webrick/server.rb:92:in `start'
  /usr/lib/ruby/1.8/webrick/server.rb:23:in `start'
  /usr/lib/ruby/1.8/webrick/server.rb:82:in `start'

Rendered rescues/_trace (20.0ms)
Rendered rescues/_request_and_response (0.2ms)
Rendering rescues/layout (internal_server_error)


Processing AssetsController#index (for 127.0.0.1 at 2011-02-28 12:14:07) [GET]
  [4;36;1mAssets Load (0.3ms)[0m   [0;1mSELECT * FROM "assets" [0m
Rendering template within layouts/application
Rendering assets/index

ActionView::TemplateError (undefined local variable or method `new_assets_path' for #<ActionView::Base:0xb60193f0>) on line #31 of app/views/assets/index.html.erb:
28:   <% end %>
29: </table>
30: 
31: <p><%= link_to "New Assets", new_assets_path %></p>

    app/views/assets/index.html.erb:31
    /usr/lib/ruby/1.8/webrick/httpserver.rb:104:in `service'
    /usr/lib/ruby/1.8/webrick/httpserver.rb:65:in `run'
    /usr/lib/ruby/1.8/webrick/server.rb:173:in `start_thread'
    /usr/lib/ruby/1.8/webrick/server.rb:162:in `start'
    /usr/lib/ruby/1.8/webrick/server.rb:162:in `start_thread'
    /usr/lib/ruby/1.8/webrick/server.rb:95:in `start'
    /usr/lib/ruby/1.8/webrick/server.rb:92:in `each'
    /usr/lib/ruby/1.8/webrick/server.rb:92:in `start'
    /usr/lib/ruby/1.8/webrick/server.rb:23:in `start'
    /usr/lib/ruby/1.8/webrick/server.rb:82:in `start'

Rendered rescues/_trace (69.5ms)
Rendered rescues/_request_and_response (0.2ms)
Rendering rescues/layout (internal_server_error)


Processing AssetsController#index (for 127.0.0.1 at 2011-02-28 12:14:17) [GET]
  [4;35;1mAssets Load (0.2ms)[0m   [0mSELECT * FROM "assets" [0m
Rendering template within layouts/application
Rendering assets/index

ActionView::TemplateError (undefined local variable or method `new_assets_path' for #<ActionView::Base:0xb6166ca8>) on line #31 of app/views/assets/index.html.erb:
28:   <% end %>
29: </table>
30: 
31: <p><%= link_to "New Assets", new_assets_path %></p>

    app/views/assets/index.html.erb:31
    /usr/lib/ruby/1.8/webrick/httpserver.rb:104:in `service'
    /usr/lib/ruby/1.8/webrick/httpserver.rb:65:in `run'
    /usr/lib/ruby/1.8/webrick/server.rb:173:in `start_thread'
    /usr/lib/ruby/1.8/webrick/server.rb:162:in `start'
    /usr/lib/ruby/1.8/webrick/server.rb:162:in `start_thread'
    /usr/lib/ruby/1.8/webrick/server.rb:95:in `start'
    /usr/lib/ruby/1.8/webrick/server.rb:92:in `each'
    /usr/lib/ruby/1.8/webrick/server.rb:92:in `start'
    /usr/lib/ruby/1.8/webrick/server.rb:23:in `start'
    /usr/lib/ruby/1.8/webrick/server.rb:82:in `start'

Rendered rescues/_trace (29.9ms)
Rendered rescues/_request_and_response (0.2ms)
Rendering rescues/layout (internal_server_error)


Processing AssetsController#index (for 127.0.0.1 at 2011-02-28 12:15:43) [GET]
  [4;36;1mAssets Load (0.2ms)[0m   [0;1mSELECT * FROM "assets" [0m
Rendering template within layouts/application
Rendering assets/index
Completed in 9ms (View: 5, DB: 0) | 200 OK [http://localhost/]


Processing AssetsController#index (for 127.0.0.1 at 2011-02-28 12:16:48) [GET]
  [4;35;1mAssets Load (0.3ms)[0m   [0mSELECT * FROM "assets" [0m
Rendering template within layouts/application
Rendering assets/index
Completed in 6ms (View: 1, DB: 0) | 200 OK [http://localhost/]


Processing AssetsController#index (for 127.0.0.1 at 2011-02-28 12:16:48) [GET]
  [4;36;1mAssets Load (0.2ms)[0m   [0;1mSELECT * FROM "assets" [0m
Rendering template within layouts/application
Rendering assets/index
Completed in 6ms (View: 1, DB: 0) | 200 OK [http://localhost/]


Processing ApplicationController#index (for 127.0.0.1 at 2011-02-28 12:20:45) [GET]

ActionController::RoutingError (No route matches "/edit" with {:method=>:get}):
  /usr/lib/ruby/1.8/webrick/httpserver.rb:104:in `service'
  /usr/lib/ruby/1.8/webrick/httpserver.rb:65:in `run'
  /usr/lib/ruby/1.8/webrick/server.rb:173:in `start_thread'
  /usr/lib/ruby/1.8/webrick/server.rb:162:in `start'
  /usr/lib/ruby/1.8/webrick/server.rb:162:in `start_thread'
  /usr/lib/ruby/1.8/webrick/server.rb:95:in `start'
  /usr/lib/ruby/1.8/webrick/server.rb:92:in `each'
  /usr/lib/ruby/1.8/webrick/server.rb:92:in `start'
  /usr/lib/ruby/1.8/webrick/server.rb:23:in `start'
  /usr/lib/ruby/1.8/webrick/server.rb:82:in `start'

Rendering rescues/layout (not_found)


Processing ApplicationController#index (for 127.0.0.1 at 2011-02-28 12:20:50) [GET]

ActionController::RoutingError (No route matches "/show" with {:method=>:get}):
  /usr/lib/ruby/1.8/webrick/httpserver.rb:104:in `service'
  /usr/lib/ruby/1.8/webrick/httpserver.rb:65:in `run'
  /usr/lib/ruby/1.8/webrick/server.rb:173:in `start_thread'
  /usr/lib/ruby/1.8/webrick/server.rb:162:in `start'
  /usr/lib/ruby/1.8/webrick/server.rb:162:in `start_thread'
  /usr/lib/ruby/1.8/webrick/server.rb:95:in `start'
  /usr/lib/ruby/1.8/webrick/server.rb:92:in `each'
  /usr/lib/ruby/1.8/webrick/server.rb:92:in `start'
  /usr/lib/ruby/1.8/webrick/server.rb:23:in `start'
  /usr/lib/ruby/1.8/webrick/server.rb:82:in `start'

Rendering rescues/layout (not_found)


Processing AssetsController#index (for 127.0.0.1 at 2011-02-28 12:22:42) [GET]
  [4;35;1mAssets Load (0.2ms)[0m   [0mSELECT * FROM "assets" [0m
Rendering template within layouts/application
Rendering assets/index
Completed in 5ms (View: 1, DB: 0) | 200 OK [http://localhost/]


Processing AssetsController#index (for 127.0.0.1 at 2011-02-28 12:25:15) [GET]
  [4;36;1mAssets Load (0.2ms)[0m   [0;1mSELECT * FROM "assets" [0m
Rendering template within layouts/application
Rendering assets/index

ActionView::TemplateError (undefined method `logged_in?' for #<ActionView::Base:0xb60e0220>) on line #3 of app/views/assets/index.html.erb:
1: <% title "Assets" %>
2: 
3: <p><%= link_to("Login", login_path) unless logged_in? %></p>
4: 
5: <% if logged_in? %>
6: <p><%= link_to "New asset", new_asset_path %> |

    app/views/assets/index.html.erb:3
    /usr/lib/ruby/1.8/webrick/httpserver.rb:104:in `service'
    /usr/lib/ruby/1.8/webrick/httpserver.rb:65:in `run'
    /usr/lib/ruby/1.8/webrick/server.rb:173:in `start_thread'
    /usr/lib/ruby/1.8/webrick/server.rb:162:in `start'
    /usr/lib/ruby/1.8/webrick/server.rb:162:in `start_thread'
    /usr/lib/ruby/1.8/webrick/server.rb:95:in `start'
    /usr/lib/ruby/1.8/webrick/server.rb:92:in `each'
    /usr/lib/ruby/1.8/webrick/server.rb:92:in `start'
    /usr/lib/ruby/1.8/webrick/server.rb:23:in `start'
    /usr/lib/ruby/1.8/webrick/server.rb:82:in `start'

Rendered rescues/_trace (29.5ms)
Rendered rescues/_request_and_response (0.2ms)
Rendering rescues/layout (internal_server_error)


Processing AssetsController#index (for 127.0.0.1 at 2011-02-28 12:29:27) [GET]
  [4;35;1mAssets Load (0.3ms)[0m   [0mSELECT * FROM "assets" [0m
Rendering template within layouts/application
Rendering assets/index

ActionView::TemplateError (undefined method `logged_in?' for #<ActionView::Base:0xb618f914>) on line #3 of app/views/assets/index.html.erb:
1: <% title "Assets" %>
2: 
3: <p><%= link_to("Login", login_path) unless logged_in? %></p>
4: 
5: <% if logged_in? %>
6: <p><%= link_to "New asset", new_asset_path %> |

    app/views/assets/index.html.erb:3
    /usr/lib/ruby/1.8/webrick/httpserver.rb:104:in `service'
    /usr/lib/ruby/1.8/webrick/httpserver.rb:65:in `run'
    /usr/lib/ruby/1.8/webrick/server.rb:173:in `start_thread'
    /usr/lib/ruby/1.8/webrick/server.rb:162:in `start'
    /usr/lib/ruby/1.8/webrick/server.rb:162:in `start_thread'
    /usr/lib/ruby/1.8/webrick/server.rb:95:in `start'
    /usr/lib/ruby/1.8/webrick/server.rb:92:in `each'
    /usr/lib/ruby/1.8/webrick/server.rb:92:in `start'
    /usr/lib/ruby/1.8/webrick/server.rb:23:in `start'
    /usr/lib/ruby/1.8/webrick/server.rb:82:in `start'

Rendered rescues/_trace (29.6ms)
Rendered rescues/_request_and_response (0.2ms)
Rendering rescues/layout (internal_server_error)


Processing AssetsController#index (for 127.0.0.1 at 2011-02-28 12:32:21) [GET]
  [4;36;1mAssets Load (0.2ms)[0m   [0;1mSELECT * FROM "assets" [0m
Rendering template within layouts/application
Rendering assets/index

ActionView::TemplateError (undefined method `logged_in?' for #<ActionView::Base:0xb6048b00>) on line #3 of app/views/assets/index.html.erb:
1: <% title "Assets" %>
2: 
3: <p><%= link_to("Login", login_path) unless logged_in? %></p>
4: 
5: <% if logged_in? %>
6: <p><%= link_to "New asset", new_asset_path %> |

    app/views/assets/index.html.erb:3
    /usr/lib/ruby/1.8/webrick/httpserver.rb:104:in `service'
    /usr/lib/ruby/1.8/webrick/httpserver.rb:65:in `run'
    /usr/lib/ruby/1.8/webrick/server.rb:173:in `start_thread'
    /usr/lib/ruby/1.8/webrick/server.rb:162:in `start'
    /usr/lib/ruby/1.8/webrick/server.rb:162:in `start_thread'
    /usr/lib/ruby/1.8/webrick/server.rb:95:in `start'
    /usr/lib/ruby/1.8/webrick/server.rb:92:in `each'
    /usr/lib/ruby/1.8/webrick/server.rb:92:in `start'
    /usr/lib/ruby/1.8/webrick/server.rb:23:in `start'
    /usr/lib/ruby/1.8/webrick/server.rb:82:in `start'

Rendered rescues/_trace (67.1ms)
Rendered rescues/_request_and_response (0.2ms)
Rendering rescues/layout (internal_server_error)


Processing AssetsController#index (for 127.0.0.1 at 2011-02-28 12:32:22) [GET]
  [4;35;1mAssets Load (0.3ms)[0m   [0mSELECT * FROM "assets" [0m
Rendering template within layouts/application
Rendering assets/index

ActionView::TemplateError (undefined method `logged_in?' for #<ActionView::Base:0xb61a73d4>) on line #3 of app/views/assets/index.html.erb:
1: <% title "Assets" %>
2: 
3: <p><%= link_to("Login", login_path) unless logged_in? %></p>
4: 
5: <% if logged_in? %>
6: <p><%= link_to "New asset", new_asset_path %> |

    app/views/assets/index.html.erb:3
    /usr/lib/ruby/1.8/webrick/httpserver.rb:104:in `service'
    /usr/lib/ruby/1.8/webrick/httpserver.rb:65:in `run'
    /usr/lib/ruby/1.8/webrick/server.rb:173:in `start_thread'
    /usr/lib/ruby/1.8/webrick/server.rb:162:in `start'
    /usr/lib/ruby/1.8/webrick/server.rb:162:in `start_thread'
    /usr/lib/ruby/1.8/webrick/server.rb:95:in `start'
    /usr/lib/ruby/1.8/webrick/server.rb:92:in `each'
    /usr/lib/ruby/1.8/webrick/server.rb:92:in `start'
    /usr/lib/ruby/1.8/webrick/server.rb:23:in `start'
    /usr/lib/ruby/1.8/webrick/server.rb:82:in `start'

Rendered rescues/_trace (29.8ms)
Rendered rescues/_request_and_response (0.2ms)
Rendering rescues/layout (internal_server_error)


Processing AssetsController#index (for 127.0.0.1 at 2011-02-28 12:32:22) [GET]
  [4;36;1mAssets Load (0.2ms)[0m   [0;1mSELECT * FROM "assets" [0m
Rendering template within layouts/application
Rendering assets/index

ActionView::TemplateError (undefined method `logged_in?' for #<ActionView::Base:0xb606537c>) on line #3 of app/views/assets/index.html.erb:
1: <% title "Assets" %>
2: 
3: <p><%= link_to("Login", login_path) unless logged_in? %></p>
4: 
5: <% if logged_in? %>
6: <p><%= link_to "New asset", new_asset_path %> |

    app/views/assets/index.html.erb:3
    /usr/lib/ruby/1.8/webrick/httpserver.rb:104:in `service'
    /usr/lib/ruby/1.8/webrick/httpserver.rb:65:in `run'
    /usr/lib/ruby/1.8/webrick/server.rb:173:in `start_thread'
    /usr/lib/ruby/1.8/webrick/server.rb:162:in `start'
    /usr/lib/ruby/1.8/webrick/server.rb:162:in `start_thread'
    /usr/lib/ruby/1.8/webrick/server.rb:95:in `start'
    /usr/lib/ruby/1.8/webrick/server.rb:92:in `each'
    /usr/lib/ruby/1.8/webrick/server.rb:92:in `start'
    /usr/lib/ruby/1.8/webrick/server.rb:23:in `start'
    /usr/lib/ruby/1.8/webrick/server.rb:82:in `start'

Rendered rescues/_trace (29.6ms)
Rendered rescues/_request_and_response (0.2ms)
Rendering rescues/layout (internal_server_error)


Processing AssetsController#index (for 127.0.0.1 at 2011-02-28 12:32:22) [GET]
  [4;35;1mAssets Load (0.3ms)[0m   [0mSELECT * FROM "assets" [0m
Rendering template within layouts/application
Rendering assets/index

ActionView::TemplateError (undefined method `logged_in?' for #<ActionView::Base:0xb61e08a0>) on line #3 of app/views/assets/index.html.erb:
1: <% title "Assets" %>
2: 
3: <p><%= link_to("Login", login_path) unless logged_in? %></p>
4: 
5: <% if logged_in? %>
6: <p><%= link_to "New asset", new_asset_path %> |

    app/views/assets/index.html.erb:3
    /usr/lib/ruby/1.8/webrick/httpserver.rb:104:in `service'
    /usr/lib/ruby/1.8/webrick/httpserver.rb:65:in `run'
    /usr/lib/ruby/1.8/webrick/server.rb:173:in `start_thread'
    /usr/lib/ruby/1.8/webrick/server.rb:162:in `start'
    /usr/lib/ruby/1.8/webrick/server.rb:162:in `start_thread'
    /usr/lib/ruby/1.8/webrick/server.rb:95:in `start'
    /usr/lib/ruby/1.8/webrick/server.rb:92:in `each'
    /usr/lib/ruby/1.8/webrick/server.rb:92:in `start'
    /usr/lib/ruby/1.8/webrick/server.rb:23:in `start'
    /usr/lib/ruby/1.8/webrick/server.rb:82:in `start'

Rendered rescues/_trace (30.0ms)
Rendered rescues/_request_and_response (0.2ms)
Rendering rescues/layout (internal_server_error)


Processing AssetsController#index (for 127.0.0.1 at 2011-02-28 12:32:23) [GET]
  [4;36;1mAssets Load (0.2ms)[0m   [0;1mSELECT * FROM "assets" [0m
Rendering template within layouts/application
Rendering assets/index

ActionView::TemplateError (undefined method `logged_in?' for #<ActionView::Base:0xb608d354>) on line #3 of app/views/assets/index.html.erb:
1: <% title "Assets" %>
2: 
3: <p><%= link_to("Login", login_path) unless logged_in? %></p>
4: 
5: <% if logged_in? %>
6: <p><%= link_to "New asset", new_asset_path %> |

    app/views/assets/index.html.erb:3
    /usr/lib/ruby/1.8/webrick/httpserver.rb:104:in `service'
    /usr/lib/ruby/1.8/webrick/httpserver.rb:65:in `run'
    /usr/lib/ruby/1.8/webrick/server.rb:173:in `start_thread'
    /usr/lib/ruby/1.8/webrick/server.rb:162:in `start'
    /usr/lib/ruby/1.8/webrick/server.rb:162:in `start_thread'
    /usr/lib/ruby/1.8/webrick/server.rb:95:in `start'
    /usr/lib/ruby/1.8/webrick/server.rb:92:in `each'
    /usr/lib/ruby/1.8/webrick/server.rb:92:in `start'
    /usr/lib/ruby/1.8/webrick/server.rb:23:in `start'
    /usr/lib/ruby/1.8/webrick/server.rb:82:in `start'

Rendered rescues/_trace (29.4ms)
Rendered rescues/_request_and_response (0.2ms)
Rendering rescues/layout (internal_server_error)


Processing AssetsController#index (for 127.0.0.1 at 2011-02-28 12:32:23) [GET]
  [4;35;1mAssets Load (0.2ms)[0m   [0mSELECT * FROM "assets" [0m
Rendering template within layouts/application
Rendering assets/index

ActionView::TemplateError (undefined method `logged_in?' for #<ActionView::Base:0xb5f4efb0>) on line #3 of app/views/assets/index.html.erb:
1: <% title "Assets" %>
2: 
3: <p><%= link_to("Login", login_path) unless logged_in? %></p>
4: 
5: <% if logged_in? %>
6: <p><%= link_to "New asset", new_asset_path %> |

    app/views/assets/index.html.erb:3
    /usr/lib/ruby/1.8/webrick/httpserver.rb:104:in `service'
    /usr/lib/ruby/1.8/webrick/httpserver.rb:65:in `run'
    /usr/lib/ruby/1.8/webrick/server.rb:173:in `start_thread'
    /usr/lib/ruby/1.8/webrick/server.rb:162:in `start'
    /usr/lib/ruby/1.8/webrick/server.rb:162:in `start_thread'
    /usr/lib/ruby/1.8/webrick/server.rb:95:in `start'
    /usr/lib/ruby/1.8/webrick/server.rb:92:in `each'
    /usr/lib/ruby/1.8/webrick/server.rb:92:in `start'
    /usr/lib/ruby/1.8/webrick/server.rb:23:in `start'
    /usr/lib/ruby/1.8/webrick/server.rb:82:in `start'

Rendered rescues/_trace (30.8ms)
Rendered rescues/_request_and_response (0.2ms)
Rendering rescues/layout (internal_server_error)


Processing AssetsController#index (for 127.0.0.1 at 2011-02-28 12:32:23) [GET]
  [4;36;1mAssets Load (0.2ms)[0m   [0;1mSELECT * FROM "assets" [0m
Rendering template within layouts/application
Rendering assets/index

ActionView::TemplateError (undefined method `logged_in?' for #<ActionView::Base:0xb60b3c5c>) on line #3 of app/views/assets/index.html.erb:
1: <% title "Assets" %>
2: 
3: <p><%= link_to("Login", login_path) unless logged_in? %></p>
4: 
5: <% if logged_in? %>
6: <p><%= link_to "New asset", new_asset_path %> |

    app/views/assets/index.html.erb:3
    /usr/lib/ruby/1.8/webrick/httpserver.rb:104:in `service'
    /usr/lib/ruby/1.8/webrick/httpserver.rb:65:in `run'
    /usr/lib/ruby/1.8/webrick/server.rb:173:in `start_thread'
    /usr/lib/ruby/1.8/webrick/server.rb:162:in `start'
    /usr/lib/ruby/1.8/webrick/server.rb:162:in `start_thread'
    /usr/lib/ruby/1.8/webrick/server.rb:95:in `start'
    /usr/lib/ruby/1.8/webrick/server.rb:92:in `each'
    /usr/lib/ruby/1.8/webrick/server.rb:92:in `start'
    /usr/lib/ruby/1.8/webrick/server.rb:23:in `start'
    /usr/lib/ruby/1.8/webrick/server.rb:82:in `start'

Rendered rescues/_trace (29.6ms)
Rendered rescues/_request_and_response (0.2ms)
Rendering rescues/layout (internal_server_error)


Processing AssetsController#index (for 127.0.0.1 at 2011-02-28 12:32:23) [GET]
  [4;35;1mAssets Load (0.2ms)[0m   [0mSELECT * FROM "assets" [0m
Rendering template within layouts/application
Rendering assets/index

ActionView::TemplateError (undefined method `logged_in?' for #<ActionView::Base:0xb5f7ddd8>) on line #3 of app/views/assets/index.html.erb:
1: <% title "Assets" %>
2: 
3: <p><%= link_to("Login", login_path) unless logged_in? %></p>
4: 
5: <% if logged_in? %>
6: <p><%= link_to "New asset", new_asset_path %> |

    app/views/assets/index.html.erb:3
    /usr/lib/ruby/1.8/webrick/httpserver.rb:104:in `service'
    /usr/lib/ruby/1.8/webrick/httpserver.rb:65:in `run'
    /usr/lib/ruby/1.8/webrick/server.rb:173:in `start_thread'
    /usr/lib/ruby/1.8/webrick/server.rb:162:in `start'
    /usr/lib/ruby/1.8/webrick/server.rb:162:in `start_thread'
    /usr/lib/ruby/1.8/webrick/server.rb:95:in `start'
    /usr/lib/ruby/1.8/webrick/server.rb:92:in `each'
    /usr/lib/ruby/1.8/webrick/server.rb:92:in `start'
    /usr/lib/ruby/1.8/webrick/server.rb:23:in `start'
    /usr/lib/ruby/1.8/webrick/server.rb:82:in `start'

Rendered rescues/_trace (32.3ms)
Rendered rescues/_request_and_response (0.2ms)
Rendering rescues/layout (internal_server_error)


Processing AssetsController#index (for 127.0.0.1 at 2011-02-28 12:32:23) [GET]
  [4;36;1mAssets Load (0.2ms)[0m   [0;1mSELECT * FROM "assets" [0m
Rendering template within layouts/application
Rendering assets/index

ActionView::TemplateError (undefined method `logged_in?' for #<ActionView::Base:0xb60eb940>) on line #3 of app/views/assets/index.html.erb:
1: <% title "Assets" %>
2: 
3: <p><%= link_to("Login", login_path) unless logged_in? %></p>
4: 
5: <% if logged_in? %>
6: <p><%= link_to "New asset", new_asset_path %> |

    app/views/assets/index.html.erb:3
    /usr/lib/ruby/1.8/webrick/httpserver.rb:104:in `service'
    /usr/lib/ruby/1.8/webrick/httpserver.rb:65:in `run'
    /usr/lib/ruby/1.8/webrick/server.rb:173:in `start_thread'
    /usr/lib/ruby/1.8/webrick/server.rb:162:in `start'
    /usr/lib/ruby/1.8/webrick/server.rb:162:in `start_thread'
    /usr/lib/ruby/1.8/webrick/server.rb:95:in `start'
    /usr/lib/ruby/1.8/webrick/server.rb:92:in `each'
    /usr/lib/ruby/1.8/webrick/server.rb:92:in `start'
    /usr/lib/ruby/1.8/webrick/server.rb:23:in `start'
    /usr/lib/ruby/1.8/webrick/server.rb:82:in `start'

Rendered rescues/_trace (29.3ms)
Rendered rescues/_request_and_response (0.2ms)
Rendering rescues/layout (internal_server_error)


Processing AssetsController#index (for 127.0.0.1 at 2011-02-28 12:32:24) [GET]
  [4;35;1mAssets Load (0.2ms)[0m   [0mSELECT * FROM "assets" [0m
Rendering template within layouts/application
Rendering assets/index

ActionView::TemplateError (undefined method `logged_in?' for #<ActionView::Base:0xb5fb3424>) on line #3 of app/views/assets/index.html.erb:
1: <% title "Assets" %>
2: 
3: <p><%= link_to("Login", login_path) unless logged_in? %></p>
4: 
5: <% if logged_in? %>
6: <p><%= link_to "New asset", new_asset_path %> |

    app/views/assets/index.html.erb:3
    /usr/lib/ruby/1.8/webrick/httpserver.rb:104:in `service'
    /usr/lib/ruby/1.8/webrick/httpserver.rb:65:in `run'
    /usr/lib/ruby/1.8/webrick/server.rb:173:in `start_thread'
    /usr/lib/ruby/1.8/webrick/server.rb:162:in `start'
    /usr/lib/ruby/1.8/webrick/server.rb:162:in `start_thread'
    /usr/lib/ruby/1.8/webrick/server.rb:95:in `start'
    /usr/lib/ruby/1.8/webrick/server.rb:92:in `each'
    /usr/lib/ruby/1.8/webrick/server.rb:92:in `start'
    /usr/lib/ruby/1.8/webrick/server.rb:23:in `start'
    /usr/lib/ruby/1.8/webrick/server.rb:82:in `start'

Rendered rescues/_trace (69.9ms)
Rendered rescues/_request_and_response (0.2ms)
Rendering rescues/layout (internal_server_error)


Processing AssetsController#index (for 127.0.0.1 at 2011-02-28 12:32:24) [GET]
  [4;36;1mAssets Load (0.2ms)[0m   [0;1mSELECT * FROM "assets" [0m
Rendering template within layouts/application
Rendering assets/index

ActionView::TemplateError (undefined method `logged_in?' for #<ActionView::Base:0xb6132700>) on line #3 of app/views/assets/index.html.erb:
1: <% title "Assets" %>
2: 
3: <p><%= link_to("Login", login_path) unless logged_in? %></p>
4: 
5: <% if logged_in? %>
6: <p><%= link_to "New asset", new_asset_path %> |

    app/views/assets/index.html.erb:3
    /usr/lib/ruby/1.8/webrick/httpserver.rb:104:in `service'
    /usr/lib/ruby/1.8/webrick/httpserver.rb:65:in `run'
    /usr/lib/ruby/1.8/webrick/server.rb:173:in `start_thread'
    /usr/lib/ruby/1.8/webrick/server.rb:162:in `start'
    /usr/lib/ruby/1.8/webrick/server.rb:162:in `start_thread'
    /usr/lib/ruby/1.8/webrick/server.rb:95:in `start'
    /usr/lib/ruby/1.8/webrick/server.rb:92:in `each'
    /usr/lib/ruby/1.8/webrick/server.rb:92:in `start'
    /usr/lib/ruby/1.8/webrick/server.rb:23:in `start'
    /usr/lib/ruby/1.8/webrick/server.rb:82:in `start'

Rendered rescues/_trace (29.4ms)
Rendered rescues/_request_and_response (0.2ms)
Rendering rescues/layout (internal_server_error)


Processing AssetsController#index (for 127.0.0.1 at 2011-02-28 12:34:46) [GET]
  [4;35;1mAssets Load (0.2ms)[0m   [0mSELECT * FROM "assets" [0m
Rendering template within layouts/application
Rendering assets/index

ActionView::TemplateError (undefined method `logged_in?' for #<ActionView::Base:0xb5fe783c>) on line #3 of app/views/assets/index.html.erb:
1: <% title "Assets" %>
2: 
3: <p><%= link_to("Login", login_path) unless logged_in? %></p>
4: 
5: <% if logged_in? %>
6: <p><%= link_to "New asset", new_asset_path %> |

    app/views/assets/index.html.erb:3
    /usr/lib/ruby/1.8/webrick/httpserver.rb:104:in `service'
    /usr/lib/ruby/1.8/webrick/httpserver.rb:65:in `run'
    /usr/lib/ruby/1.8/webrick/server.rb:173:in `start_thread'
    /usr/lib/ruby/1.8/webrick/server.rb:162:in `start'
    /usr/lib/ruby/1.8/webrick/server.rb:162:in `start_thread'
    /usr/lib/ruby/1.8/webrick/server.rb:95:in `start'
    /usr/lib/ruby/1.8/webrick/server.rb:92:in `each'
    /usr/lib/ruby/1.8/webrick/server.rb:92:in `start'
    /usr/lib/ruby/1.8/webrick/server.rb:23:in `start'
    /usr/lib/ruby/1.8/webrick/server.rb:82:in `start'

Rendered rescues/_trace (68.8ms)
Rendered rescues/_request_and_response (0.2ms)
Rendering rescues/layout (internal_server_error)


Processing ApplicationController#index (for 127.0.0.1 at 2011-02-28 12:38:12) [GET]

ActionController::RoutingError (No route matches "/index" with {:method=>:get}):
  /usr/lib/ruby/1.8/webrick/httpserver.rb:104:in `service'
  /usr/lib/ruby/1.8/webrick/httpserver.rb:65:in `run'
  /usr/lib/ruby/1.8/webrick/server.rb:173:in `start_thread'
  /usr/lib/ruby/1.8/webrick/server.rb:162:in `start'
  /usr/lib/ruby/1.8/webrick/server.rb:162:in `start_thread'
  /usr/lib/ruby/1.8/webrick/server.rb:95:in `start'
  /usr/lib/ruby/1.8/webrick/server.rb:92:in `each'
  /usr/lib/ruby/1.8/webrick/server.rb:92:in `start'
  /usr/lib/ruby/1.8/webrick/server.rb:23:in `start'
  /usr/lib/ruby/1.8/webrick/server.rb:82:in `start'

Rendering rescues/layout (not_found)


Processing ApplicationController#index (for 127.0.0.1 at 2011-02-28 12:38:18) [GET]

ActionController::RoutingError (No route matches "/show" with {:method=>:get}):
  /usr/lib/ruby/1.8/webrick/httpserver.rb:104:in `service'
  /usr/lib/ruby/1.8/webrick/httpserver.rb:65:in `run'
  /usr/lib/ruby/1.8/webrick/server.rb:173:in `start_thread'
  /usr/lib/ruby/1.8/webrick/server.rb:162:in `start'
  /usr/lib/ruby/1.8/webrick/server.rb:162:in `start_thread'
  /usr/lib/ruby/1.8/webrick/server.rb:95:in `start'
  /usr/lib/ruby/1.8/webrick/server.rb:92:in `each'
  /usr/lib/ruby/1.8/webrick/server.rb:92:in `start'
  /usr/lib/ruby/1.8/webrick/server.rb:23:in `start'
  /usr/lib/ruby/1.8/webrick/server.rb:82:in `start'

Rendering rescues/layout (not_found)


Processing AssetsController#index (for 127.0.0.1 at 2011-02-28 12:38:20) [GET]
  [4;36;1mAssets Load (0.2ms)[0m   [0;1mSELECT * FROM "assets" [0m
Rendering template within layouts/application
Rendering assets/index

ActionView::TemplateError (undefined method `logged_in?' for #<ActionView::Base:0xb60dda34>) on line #3 of app/views/assets/index.html.erb:
1: <% title "Assets" %>
2: 
3: <p><%= link_to("Login", login_path) unless logged_in? %></p>
4: 
5: <% if logged_in? %>
6: <p><%= link_to "New asset", new_asset_path %> |

    app/views/assets/index.html.erb:3
    /usr/lib/ruby/1.8/webrick/httpserver.rb:104:in `service'
    /usr/lib/ruby/1.8/webrick/httpserver.rb:65:in `run'
    /usr/lib/ruby/1.8/webrick/server.rb:173:in `start_thread'
    /usr/lib/ruby/1.8/webrick/server.rb:162:in `start'
    /usr/lib/ruby/1.8/webrick/server.rb:162:in `start_thread'
    /usr/lib/ruby/1.8/webrick/server.rb:95:in `start'
    /usr/lib/ruby/1.8/webrick/server.rb:92:in `each'
    /usr/lib/ruby/1.8/webrick/server.rb:92:in `start'
    /usr/lib/ruby/1.8/webrick/server.rb:23:in `start'
    /usr/lib/ruby/1.8/webrick/server.rb:82:in `start'

Rendered rescues/_trace (29.4ms)
Rendered rescues/_request_and_response (0.2ms)
Rendering rescues/layout (internal_server_error)


Processing SessionsController#new (for 127.0.0.1 at 2011-02-28 12:38:25) [GET]

ActionView::MissingTemplate (Missing template sessions/new.erb in view path app/views):
  /usr/lib/ruby/1.8/webrick/httpserver.rb:104:in `service'
  /usr/lib/ruby/1.8/webrick/httpserver.rb:65:in `run'
  /usr/lib/ruby/1.8/webrick/server.rb:173:in `start_thread'
  /usr/lib/ruby/1.8/webrick/server.rb:162:in `start'
  /usr/lib/ruby/1.8/webrick/server.rb:162:in `start_thread'
  /usr/lib/ruby/1.8/webrick/server.rb:95:in `start'
  /usr/lib/ruby/1.8/webrick/server.rb:92:in `each'
  /usr/lib/ruby/1.8/webrick/server.rb:92:in `start'
  /usr/lib/ruby/1.8/webrick/server.rb:23:in `start'
  /usr/lib/ruby/1.8/webrick/server.rb:82:in `start'

Rendering rescues/layout (internal_server_error)


Processing AssetsController#index (for 127.0.0.1 at 2011-02-28 12:39:47) [GET]
  [4;35;1mAssets Load (0.2ms)[0m   [0mSELECT * FROM "assets" [0m
Rendering template within layouts/application
Rendering assets/index

ActionView::TemplateError (undefined method `logged_in?' for #<ActionView::Base:0xb5f4b57c>) on line #3 of app/views/assets/index.html.erb:
1: <% title "Assets" %>
2: 
3: <p><%= link_to("Login", login_path) unless logged_in? %></p>
4: 
5: <% if logged_in? %>
6: <p><%= link_to "New asset", new_asset_path %> |

    app/views/assets/index.html.erb:3
    /usr/lib/ruby/1.8/webrick/httpserver.rb:104:in `service'
    /usr/lib/ruby/1.8/webrick/httpserver.rb:65:in `run'
    /usr/lib/ruby/1.8/webrick/server.rb:173:in `start_thread'
    /usr/lib/ruby/1.8/webrick/server.rb:162:in `start'
    /usr/lib/ruby/1.8/webrick/server.rb:162:in `start_thread'
    /usr/lib/ruby/1.8/webrick/server.rb:95:in `start'
    /usr/lib/ruby/1.8/webrick/server.rb:92:in `each'
    /usr/lib/ruby/1.8/webrick/server.rb:92:in `start'
    /usr/lib/ruby/1.8/webrick/server.rb:23:in `start'
    /usr/lib/ruby/1.8/webrick/server.rb:82:in `start'

Rendered rescues/_trace (30.2ms)
Rendered rescues/_request_and_response (0.2ms)
Rendering rescues/layout (internal_server_error)


Processing AssetsController#index (for 127.0.0.1 at 2011-02-28 12:40:02) [GET]
  [4;36;1mAssets Load (0.2ms)[0m   [0;1mSELECT * FROM "assets" [0m
Rendering template within layouts/application
Rendering assets/index
Completed in 8ms (View: 4, DB: 0) | 200 OK [http://localhost/]


Processing ApplicationController#new (for 127.0.0.1 at 2011-02-28 12:40:10) [GET]

NameError (uninitialized constant SessionsController):
  /usr/lib/ruby/1.8/webrick/httpserver.rb:104:in `service'
  /usr/lib/ruby/1.8/webrick/httpserver.rb:65:in `run'
  /usr/lib/ruby/1.8/webrick/server.rb:173:in `start_thread'
  /usr/lib/ruby/1.8/webrick/server.rb:162:in `start'
  /usr/lib/ruby/1.8/webrick/server.rb:162:in `start_thread'
  /usr/lib/ruby/1.8/webrick/server.rb:95:in `start'
  /usr/lib/ruby/1.8/webrick/server.rb:92:in `each'
  /usr/lib/ruby/1.8/webrick/server.rb:92:in `start'
  /usr/lib/ruby/1.8/webrick/server.rb:23:in `start'
  /usr/lib/ruby/1.8/webrick/server.rb:82:in `start'

Rendered rescues/_trace (19.9ms)
Rendered rescues/_request_and_response (0.2ms)
Rendering rescues/layout (internal_server_error)


Processing AssetsController#index (for 127.0.0.1 at 2011-02-28 12:40:15) [GET]
  [4;35;1mAssets Load (0.3ms)[0m   [0mSELECT * FROM "assets" [0m
Rendering template within layouts/application
Rendering assets/index
Completed in 5ms (View: 1, DB: 0) | 200 OK [http://localhost/]


Processing AssetsController#index (for 127.0.0.1 at 2011-02-28 12:56:14) [GET]
  [4;36;1mAssets Load (0.2ms)[0m   [0;1mSELECT * FROM "assets" [0m
Rendering template within layouts/application
Rendering assets/index
Completed in 8ms (View: 4, DB: 0) | 200 OK [http://localhost/]


Processing AssetsController#index (for 127.0.0.1 at 2011-02-28 12:56:15) [GET]
  [4;35;1mAssets Load (0.3ms)[0m   [0mSELECT * FROM "assets" [0m
Rendering template within layouts/application
Rendering assets/index
Completed in 6ms (View: 1, DB: 0) | 200 OK [http://localhost/]


Processing AssetsController#index (for 127.0.0.1 at 2011-02-28 12:56:35) [GET]
  [4;36;1mAssets Load (0.3ms)[0m   [0;1mSELECT * FROM "assets" [0m
Rendering template within layouts/application
Rendering assets/index
Completed in 9ms (View: 4, DB: 0) | 200 OK [http://localhost/]


Processing AssetsController#index (for 127.0.0.1 at 2011-02-28 12:56:35) [GET]
  [4;35;1mAssets Load (0.2ms)[0m   [0mSELECT * FROM "assets" [0m
Rendering template within layouts/application
Rendering assets/index
Completed in 5ms (View: 1, DB: 0) | 200 OK [http://localhost/]


Processing AssetsController#index (for 127.0.0.1 at 2011-02-28 13:01:51) [GET]
  [4;36;1mAssets Load (0.2ms)[0m   [0;1mSELECT * FROM "assets" [0m
Rendering template within layouts/application
Rendering assets/index
Completed in 5ms (View: 1, DB: 0) | 200 OK [http://localhost/]


Processing ApplicationController#new (for 127.0.0.1 at 2011-02-28 13:02:13) [GET]

NameError (uninitialized constant SessionsController):
  /usr/lib/ruby/1.8/webrick/httpserver.rb:104:in `service'
  /usr/lib/ruby/1.8/webrick/httpserver.rb:65:in `run'
  /usr/lib/ruby/1.8/webrick/server.rb:173:in `start_thread'
  /usr/lib/ruby/1.8/webrick/server.rb:162:in `start'
  /usr/lib/ruby/1.8/webrick/server.rb:162:in `start_thread'
  /usr/lib/ruby/1.8/webrick/server.rb:95:in `start'
  /usr/lib/ruby/1.8/webrick/server.rb:92:in `each'
  /usr/lib/ruby/1.8/webrick/server.rb:92:in `start'
  /usr/lib/ruby/1.8/webrick/server.rb:23:in `start'
  /usr/lib/ruby/1.8/webrick/server.rb:82:in `start'

Rendered rescues/_trace (19.8ms)
Rendered rescues/_request_and_response (0.2ms)
Rendering rescues/layout (internal_server_error)
